# JRE version: OpenJDK Runtime Environment (8.0_242-b01) (build 1.8.0_242-release-1644-b01)
# Java VM: OpenJDK 64-Bit Server VM (25.242-b01 mixed mode windows-amd64 compressed oops)
Heap:
 PSYoungGen      total 507392K, used 189704K [0x00000000d5580000, 0x0000000100000000, 0x0000000100000000)
  eden space 437248K, 43% used [0x00000000d5580000,0x00000000e0ec22a8,0x00000000f0080000)
  from space 70144K, 0% used [0x00000000f0080000,0x00000000f0080000,0x00000000f4500000)
  to   space 113664K, 0% used [0x00000000f9100000,0x00000000f9100000,0x0000000100000000)
 ParOldGen       total 441856K, used 238529K [0x0000000080000000, 0x000000009af80000, 0x00000000d5580000)
  object space 441856K, 53% used [0x0000000080000000,0x000000008e8f04a8,0x000000009af80000)
 Metaspace       used 100350K, capacity 105248K, committed 106008K, reserved 1140736K
  class space    used 13174K, capacity 14120K, committed 14384K, reserved 1048576K
GC Heap History (10 events):
Event: 649.568 GC heap before
{Heap before GC invocations=18 (full 3):
 PSYoungGen      total 429568K, used 204941K [0x00000000d5580000, 0x00000000f2800000, 0x0000000100000000)
  eden space 404992K, 46% used [0x00000000d5580000,0x00000000e0d04188,0x00000000ee100000)
  from space 24576K, 69% used [0x00000000f1000000,0x00000000f209f630,0x00000000f2800000)
  to   space 36352K, 0% used [0x00000000ee100000,0x00000000ee100000,0x00000000f0480000)
 ParOldGen       total 129536K, used 99582K [0x0000000080000000, 0x0000000087e80000, 0x00000000d5580000)
  object space 129536K, 76% used [0x0000000080000000,0x000000008613f8a0,0x0000000087e80000)
 Metaspace       used 93864K, capacity 98514K, committed 98600K, reserved 1134592K
  class space    used 12295K, capacity 13151K, committed 13232K, reserved 1048576K
Event: 649.651 GC heap after
Heap after GC invocations=18 (full 3):
 PSYoungGen      total 441344K, used 36335K [0x00000000d5580000, 0x00000000f7000000, 0x0000000100000000)
  eden space 404992K, 0% used [0x00000000d5580000,0x00000000d5580000,0x00000000ee100000)
  from space 36352K, 99% used [0x00000000ee100000,0x00000000f047be08,0x00000000f0480000)
  to   space 44032K, 0% used [0x00000000f4500000,0x00000000f4500000,0x00000000f7000000)
 ParOldGen       total 129536K, used 104634K [0x0000000080000000, 0x0000000087e80000, 0x00000000d5580000)
  object space 129536K, 80% used [0x0000000080000000,0x000000008662ebd8,0x0000000087e80000)
 Metaspace       used 93864K, capacity 98514K, committed 98600K, reserved 1134592K
  class space    used 12295K, capacity 13151K, committed 13232K, reserved 1048576K
}
Event: 649.651 GC heap before
{Heap before GC invocations=19 (full 4):
 PSYoungGen      total 441344K, used 36335K [0x00000000d5580000, 0x00000000f7000000, 0x0000000100000000)
  eden space 404992K, 0% used [0x00000000d5580000,0x00000000d5580000,0x00000000ee100000)
  from space 36352K, 99% used [0x00000000ee100000,0x00000000f047be08,0x00000000f0480000)
  to   space 44032K, 0% used [0x00000000f4500000,0x00000000f4500000,0x00000000f7000000)
 ParOldGen       total 129536K, used 104634K [0x0000000080000000, 0x0000000087e80000, 0x00000000d5580000)
  object space 129536K, 80% used [0x0000000080000000,0x000000008662ebd8,0x0000000087e80000)
 Metaspace       used 93864K, capacity 98514K, committed 98600K, reserved 1134592K
  class space    used 12295K, capacity 13151K, committed 13232K, reserved 1048576K
Event: 650.156 GC heap after
Heap after GC invocations=19 (full 4):
 PSYoungGen      total 441344K, used 0K [0x00000000d5580000, 0x00000000f7000000, 0x0000000100000000)
  eden space 404992K, 0% used [0x00000000d5580000,0x00000000d5580000,0x00000000ee100000)
  from space 36352K, 0% used [0x00000000ee100000,0x00000000ee100000,0x00000000f0480000)
  to   space 44032K, 0% used [0x00000000f4500000,0x00000000f4500000,0x00000000f7000000)
 ParOldGen       total 246784K, used 109399K [0x0000000080000000, 0x000000008f100000, 0x00000000d5580000)
  object space 246784K, 44% used [0x0000000080000000,0x0000000086ad5ef0,0x000000008f100000)
 Metaspace       used 93299K, capacity 97304K, committed 98600K, reserved 1134592K
  class space    used 12170K, capacity 12928K, committed 13232K, reserved 1048576K
}
Event: 656.396 GC heap before
{Heap before GC invocations=20 (full 4):
 PSYoungGen      total 441344K, used 404992K [0x00000000d5580000, 0x00000000f7000000, 0x0000000100000000)
  eden space 404992K, 100% used [0x00000000d5580000,0x00000000ee100000,0x00000000ee100000)
  from space 36352K, 0% used [0x00000000ee100000,0x00000000ee100000,0x00000000f0480000)
  to   space 44032K, 0% used [0x00000000f4500000,0x00000000f4500000,0x00000000f7000000)
 ParOldGen       total 246784K, used 109399K [0x0000000080000000, 0x000000008f100000, 0x00000000d5580000)
  object space 246784K, 44% used [0x0000000080000000,0x0000000086ad5ef0,0x000000008f100000)
 Metaspace       used 100579K, capacity 105754K, committed 106008K, reserved 1140736K
  class space    used 13294K, capacity 14349K, committed 14384K, reserved 1048576K
Event: 656.504 GC heap after
Heap after GC invocations=20 (full 4):
 PSYoungGen      total 481280K, used 44031K [0x00000000d5580000, 0x00000000fb680000, 0x0000000100000000)
  eden space 437248K, 0% used [0x00000000d5580000,0x00000000d5580000,0x00000000f0080000)
  from space 44032K, 99% used [0x00000000f4500000,0x00000000f6fffe08,0x00000000f7000000)
  to   space 70144K, 0% used [0x00000000f0080000,0x00000000f0080000,0x00000000f4500000)
 ParOldGen       total 246784K, used 162114K [0x0000000080000000, 0x000000008f100000, 0x00000000d5580000)
  object space 246784K, 65% used [0x0000000080000000,0x0000000089e509e8,0x000000008f100000)
 Metaspace       used 100579K, capacity 105754K, committed 106008K, reserved 1140736K
  class space    used 13294K, capacity 14349K, committed 14384K, reserved 1048576K
}
Event: 658.145 GC heap before
{Heap before GC invocations=21 (full 4):
 PSYoungGen      total 481280K, used 481279K [0x00000000d5580000, 0x00000000fb680000, 0x0000000100000000)
  eden space 437248K, 100% used [0x00000000d5580000,0x00000000f0080000,0x00000000f0080000)
  from space 44032K, 99% used [0x00000000f4500000,0x00000000f6fffe08,0x00000000f7000000)
  to   space 70144K, 0% used [0x00000000f0080000,0x00000000f0080000,0x00000000f4500000)
 ParOldGen       total 246784K, used 162114K [0x0000000080000000, 0x000000008f100000, 0x00000000d5580000)
  object space 246784K, 65% used [0x0000000080000000,0x0000000089e509e8,0x000000008f100000)
 Metaspace       used 100667K, capacity 105836K, committed 106008K, reserved 1140736K
  class space    used 13299K, capacity 14350K, committed 14384K, reserved 1048576K
Event: 658.384 GC heap after
Heap after GC invocations=21 (full 4):
 PSYoungGen      total 507392K, used 70139K [0x00000000d5580000, 0x0000000100000000, 0x0000000100000000)
  eden space 437248K, 0% used [0x00000000d5580000,0x00000000d5580000,0x00000000f0080000)
  from space 70144K, 99% used [0x00000000f0080000,0x00000000f44fee38,0x00000000f4500000)
  to   space 113664K, 0% used [0x00000000f9100000,0x00000000f9100000,0x0000000100000000)
 ParOldGen       total 247808K, used 247514K [0x0000000080000000, 0x000000008f200000, 0x00000000d5580000)
  object space 247808K, 99% used [0x0000000080000000,0x000000008f1b6ae0,0x000000008f200000)
 Metaspace       used 100667K, capacity 105836K, committed 106008K, reserved 1140736K
  class space    used 13299K, capacity 14350K, committed 14384K, reserved 1048576K
}
Event: 658.384 GC heap before
{Heap before GC invocations=22 (full 5):
 PSYoungGen      total 507392K, used 70139K [0x00000000d5580000, 0x0000000100000000, 0x0000000100000000)
  eden space 437248K, 0% used [0x00000000d5580000,0x00000000d5580000,0x00000000f0080000)
  from space 70144K, 99% used [0x00000000f0080000,0x00000000f44fee38,0x00000000f4500000)
  to   space 113664K, 0% used [0x00000000f9100000,0x00000000f9100000,0x0000000100000000)
 ParOldGen       total 247808K, used 247514K [0x0000000080000000, 0x000000008f200000, 0x00000000d5580000)
  object space 247808K, 99% used [0x0000000080000000,0x000000008f1b6ae0,0x000000008f200000)
 Metaspace       used 100667K, capacity 105836K, committed 106008K, reserved 1140736K
  class space    used 13299K, capacity 14350K, committed 14384K, reserved 1048576K
Event: 659.514 GC heap after
Heap after GC invocations=22 (full 5):
 PSYoungGen      total 507392K, used 0K [0x00000000d5580000, 0x0000000100000000, 0x0000000100000000)
  eden space 437248K, 0% used [0x00000000d5580000,0x00000000d5580000,0x00000000f0080000)
  from space 70144K, 0% used [0x00000000f0080000,0x00000000f0080000,0x00000000f4500000)
  to   space 113664K, 0% used [0x00000000f9100000,0x00000000f9100000,0x0000000100000000)
 ParOldGen       total 441856K, used 238529K [0x0000000080000000, 0x000000009af80000, 0x00000000d5580000)
  object space 441856K, 53% used [0x0000000080000000,0x000000008e8f04a8,0x000000009af80000)
 Metaspace       used 100335K, capacity 105238K, committed 106008K, reserved 1140736K
  class space    used 13172K, capacity 14119K, committed 14384K, reserved 1048576K
}

